<?xml version="1.0" encoding="UTF-8"?>
<testsuite xmlns:xsi="http://www.w3.org/2001/XMLSchema-instance" xsi:noNamespaceSchemaLocation="https://maven.apache.org/surefire/maven-surefire-plugin/xsd/surefire-test-report-3.0.xsd" version="3.0" name="com.example.mikroserwisy.MikroserwisyApplicationTests" time="114.273" tests="1" errors="0" skipped="0" failures="0">
  <properties>
[...]
</properties>
  <testcase name="shouldCreateProduct" classname="com.example.mikroserwisy.MikroserwisyApplicationTests" time="2.765">
    <system-out><![CDATA[22:59:27.543 [main] INFO org.springframework.test.context.support.AnnotationConfigContextLoaderUtils -- Could not detect default configuration classes for test class [com.example.mikroserwisy.MikroserwisyApplicationTests]: MikroserwisyApplicationTests does not declare any static, non-private, non-final, nested classes annotated with @Configuration.
22:59:27.996 [main] INFO org.springframework.boot.test.context.SpringBootTestContextBootstrapper -- Found @SpringBootConfiguration com.example.mikroserwisy.MikroserwisyApplication for test class com.example.mikroserwisy.MikroserwisyApplicationTests
22:59:29.691 [main] INFO org.testcontainers.utility.ImageNameSubstitutor -- Image name substitution will be performed by: DefaultImageNameSubstitutor (composite of 'ConfigurationFileImageNameSubstitutor' and 'PrefixingImageNameSubstitutor')
22:59:30.234 [main] INFO org.testcontainers.dockerclient.DockerClientProviderStrategy -- Loaded org.testcontainers.dockerclient.NpipeSocketClientProviderStrategy from ~/.testcontainers.properties, will try it first
22:59:41.373 [main] INFO org.testcontainers.dockerclient.DockerClientProviderStrategy -- Found Docker environment with local Npipe socket (npipe:////./pipe/docker_engine)
22:59:41.380 [main] INFO org.testcontainers.DockerClientFactory -- Docker host IP address is localhost
22:59:41.561 [main] INFO org.testcontainers.DockerClientFactory -- Connected to docker: 
  Server Version: 23.0.5
  API Version: 1.42
  Operating System: Docker Desktop
  Total Memory: 3827 MB
22:59:41.862 [main] INFO tc.testcontainers/ryuk:0.5.1 -- Creating container for image: testcontainers/ryuk:0.5.1
22:59:46.926 [main] INFO tc.testcontainers/ryuk:0.5.1 -- Container testcontainers/ryuk:0.5.1 is starting: 9df421332a456427f69b573a74950af6fc13bd33f7237ce54bd5354ab34364ad
23:00:32.812 [main] INFO tc.testcontainers/ryuk:0.5.1 -- Container testcontainers/ryuk:0.5.1 started in PT51.2315028S
23:00:33.146 [main] INFO org.testcontainers.utility.RyukResourceReaper -- Ryuk started - will monitor and terminate Testcontainers containers on JVM exit
23:00:33.146 [main] INFO org.testcontainers.DockerClientFactory -- Checking the system...
23:00:33.148 [main] INFO org.testcontainers.DockerClientFactory -- ✔︎ Docker server version should be at least 1.6.0
23:00:33.226 [main] INFO tc.mongo:latest -- Creating container for image: mongo:latest
23:00:34.797 [main] INFO tc.mongo:latest -- Container mongo:latest is starting: c9186e09046d99719df5801caa29b20449777781b39e6649fcc78f68bb45cfaa
23:00:45.488 [main] INFO tc.mongo:latest -- Container mongo:latest started in PT12.3392526S

  .   ____          _            __ _ _
 /\\ / ___'_ __ _ _(_)_ __  __ _ \ \ \ \
( ( )\___ | '_ | '_| | '_ \/ _` | \ \ \ \
 \\/  ___)| |_)| | | | | || (_| |  ) ) ) )
  '  |____| .__|_| |_|_| |_\__, | / / / /
 =========|_|==============|___/=/_/_/_/
 :: Spring Boot ::                (v3.1.1)

2023-07-09T23:01:03.259+02:00  INFO 8924 --- [           main] c.e.m.MikroserwisyApplicationTests       : Starting MikroserwisyApplicationTests using Java 19 with PID 8924 (started by Asus in C:\Users\Asus\Desktop\Projekty\Java\Mikroserwisy\microservices-new\product-service)
2023-07-09T23:01:03.262+02:00  INFO 8924 --- [           main] c.e.m.MikroserwisyApplicationTests       : No active profile set, falling back to 1 default profile: "default"
2023-07-09T23:01:05.568+02:00  INFO 8924 --- [           main] .s.d.r.c.RepositoryConfigurationDelegate : Bootstrapping Spring Data MongoDB repositories in DEFAULT mode.
2023-07-09T23:01:06.088+02:00  INFO 8924 --- [           main] .s.d.r.c.RepositoryConfigurationDelegate : Finished Spring Data repository scanning in 507 ms. Found 1 MongoDB repository interfaces.
2023-07-09T23:01:06.593+02:00  INFO 8924 --- [           main] o.s.cloud.context.scope.GenericScope     : BeanFactory id=c97924ee-14cd-3fc4-bf4d-bbcb332db757
2023-07-09T23:01:07.394+02:00  INFO 8924 --- [           main] org.mongodb.driver.client                : MongoClient with metadata {"driver": {"name": "mongo-java-driver|sync|spring-boot", "version": "4.9.1"}, "os": {"type": "Windows", "name": "Windows 10", "architecture": "amd64", "version": "10.0"}, "platform": "Java/Oracle Corporation/19+36-2238"} created with settings MongoClientSettings{readPreference=primary, writeConcern=WriteConcern{w=null, wTimeout=null ms, journal=null}, retryWrites=true, retryReads=true, readConcern=ReadConcern{level=null}, credential=null, streamFactoryFactory=null, commandListeners=[io.micrometer.core.instrument.binder.mongodb.MongoMetricsCommandListener@573870cb], codecRegistry=ProvidersCodecRegistry{codecProviders=[ValueCodecProvider{}, BsonValueCodecProvider{}, DBRefCodecProvider{}, DBObjectCodecProvider{}, DocumentCodecProvider{}, CollectionCodecProvider{}, IterableCodecProvider{}, MapCodecProvider{}, GeoJsonCodecProvider{}, GridFSFileCodecProvider{}, Jsr310CodecProvider{}, JsonObjectCodecProvider{}, BsonCodecProvider{}, EnumCodecProvider{}, com.mongodb.client.model.mql.ExpressionCodecProvider@5b88af70, com.mongodb.Jep395RecordCodecProvider@2739ecc0]}, loggerSettings=LoggerSettings{maxDocumentLength=1000}, clusterSettings={hosts=[localhost:59308], srvServiceName=mongodb, mode=SINGLE, requiredClusterType=UNKNOWN, requiredReplicaSetName='null', serverSelector='null', clusterListeners='[]', serverSelectionTimeout='30000 ms', localThreshold='30000 ms'}, socketSettings=SocketSettings{connectTimeoutMS=10000, readTimeoutMS=0, receiveBufferSize=0, sendBufferSize=0}, heartbeatSocketSettings=SocketSettings{connectTimeoutMS=10000, readTimeoutMS=10000, receiveBufferSize=0, sendBufferSize=0}, connectionPoolSettings=ConnectionPoolSettings{maxSize=100, minSize=0, maxWaitTimeMS=120000, maxConnectionLifeTimeMS=0, maxConnectionIdleTimeMS=0, maintenanceInitialDelayMS=0, maintenanceFrequencyMS=60000, connectionPoolListeners=[io.micrometer.core.instrument.binder.mongodb.MongoMetricsConnectionPoolListener@2932e15f], maxConnecting=2}, serverSettings=ServerSettings{heartbeatFrequencyMS=10000, minHeartbeatFrequencyMS=500, serverListeners='[]', serverMonitorListeners='[]'}, sslSettings=SslSettings{enabled=false, invalidHostNameAllowed=false, context=null}, applicationName='null', compressorList=[], uuidRepresentation=JAVA_LEGACY, serverApi=null, autoEncryptionSettings=null, contextProvider=null}
2023-07-09T23:01:07.452+02:00  INFO 8924 --- [localhost:59308] org.mongodb.driver.cluster               : Monitor thread successfully connected to server with description ServerDescription{address=localhost:59308, type=REPLICA_SET_PRIMARY, state=CONNECTED, ok=true, minWireVersion=0, maxWireVersion=17, maxDocumentSize=16777216, logicalSessionTimeoutMinutes=30, roundTripTimeNanos=50189700, setName='docker-rs', canonicalAddress=c9186e09046d:27017, hosts=[c9186e09046d:27017], passives=[], arbiters=[], primary='c9186e09046d:27017', tagSet=TagSet{[]}, electionId=7fffffff0000000000000001, setVersion=1, topologyVersion=TopologyVersion{processId=64ab1ffbd841ad77e7a3ce70, counter=6}, lastWriteDate=Sun Jul 09 23:01:00 CEST 2023, lastUpdateTimeNanos=1957775197309200}
2023-07-09T23:01:10.292+02:00  INFO 8924 --- [           main] o.s.b.t.m.w.SpringBootMockServletContext : Initializing Spring TestDispatcherServlet ''
2023-07-09T23:01:10.292+02:00  INFO 8924 --- [           main] o.s.t.web.servlet.TestDispatcherServlet  : Initializing Servlet ''
2023-07-09T23:01:10.307+02:00  INFO 8924 --- [           main] o.s.b.a.e.web.EndpointLinksResolver      : Exposing 1 endpoint(s) beneath base path '/actuator'
2023-07-09T23:01:10.327+02:00  INFO 8924 --- [           main] o.s.t.web.servlet.TestDispatcherServlet  : Completed initialization in 33 ms
2023-07-09T23:01:10.698+02:00  INFO 8924 --- [           main] DiscoveryClientOptionalArgsConfiguration : Eureka HTTP Client uses RestTemplate.
2023-07-09T23:01:10.822+02:00  WARN 8924 --- [           main] iguration$LoadBalancerCaffeineWarnLogger : Spring Cloud LoadBalancer is currently working with the default cache. While this cache implementation is useful for development and tests, it's recommended to use Caffeine cache in production.You can switch to using Caffeine cache, by adding it and org.springframework.cache.caffeine.CaffeineCacheManager to the classpath.
2023-07-09T23:01:11.076+02:00  INFO 8924 --- [           main] c.e.m.MikroserwisyApplicationTests       : Started MikroserwisyApplicationTests in 8.803 seconds (process running for 106.825)
2023-07-09T23:01:18.702+02:00  INFO 8924 --- [           main] c.e.mikroserwisy.service.ProductService  : Product 64ab201e4d133546e6ca8328 is saved
]]></system-out>
  </testcase>
</testsuite>