<?xml version="1.0" encoding="UTF-8"?>
<testsuite xmlns:xsi="http://www.w3.org/2001/XMLSchema-instance" xsi:noNamespaceSchemaLocation="https://maven.apache.org/surefire/maven-surefire-plugin/xsd/surefire-test-report-3.0.xsd" version="3.0" name="com.example.inventoryservice.InventoryServiceApplicationTests" time="20.027" tests="1" errors="0" skipped="0" failures="0">
  <properties>
[...]
</properties>
  <testcase name="contextLoads" classname="com.example.inventoryservice.InventoryServiceApplicationTests" time="1.143">
    <system-out><![CDATA[23:02:13.447 [main] INFO org.springframework.test.context.support.AnnotationConfigContextLoaderUtils -- Could not detect default configuration classes for test class [com.example.inventoryservice.InventoryServiceApplicationTests]: InventoryServiceApplicationTests does not declare any static, non-private, non-final, nested classes annotated with @Configuration.
23:02:13.629 [main] INFO org.springframework.boot.test.context.SpringBootTestContextBootstrapper -- Found @SpringBootConfiguration com.example.inventoryservice.InventoryServiceApplication for test class com.example.inventoryservice.InventoryServiceApplicationTests

  .   ____          _            __ _ _
 /\\ / ___'_ __ _ _(_)_ __  __ _ \ \ \ \
( ( )\___ | '_ | '_| | '_ \/ _` | \ \ \ \
 \\/  ___)| |_)| | | | | || (_| |  ) ) ) )
  '  |____| .__|_| |_|_| |_\__, | / / / /
 =========|_|==============|___/=/_/_/_/
 :: Spring Boot ::                (v3.1.1)

2023-07-09T23:02:14.894+02:00  INFO 3908 --- [           main] c.e.i.InventoryServiceApplicationTests   : Starting InventoryServiceApplicationTests using Java 19 with PID 3908 (started by Asus in C:\Users\Asus\Desktop\Projekty\Java\Mikroserwisy\microservices-new\inventory-service)
2023-07-09T23:02:14.898+02:00  INFO 3908 --- [           main] c.e.i.InventoryServiceApplicationTests   : No active profile set, falling back to 1 default profile: "default"
2023-07-09T23:02:16.843+02:00  INFO 3908 --- [           main] .s.d.r.c.RepositoryConfigurationDelegate : Bootstrapping Spring Data JPA repositories in DEFAULT mode.
2023-07-09T23:02:17.077+02:00  INFO 3908 --- [           main] .s.d.r.c.RepositoryConfigurationDelegate : Finished Spring Data repository scanning in 219 ms. Found 1 JPA repository interfaces.
2023-07-09T23:02:17.621+02:00  INFO 3908 --- [           main] o.s.cloud.context.scope.GenericScope     : BeanFactory id=4306d095-1eed-3947-89de-19a5a08db535
2023-07-09T23:02:18.327+02:00  INFO 3908 --- [           main] com.zaxxer.hikari.HikariDataSource       : HikariPool-1 - Starting...
2023-07-09T23:02:24.752+02:00  INFO 3908 --- [           main] com.zaxxer.hikari.pool.HikariPool        : HikariPool-1 - Added connection com.mysql.cj.jdbc.ConnectionImpl@12f9f896
2023-07-09T23:02:24.757+02:00  INFO 3908 --- [           main] com.zaxxer.hikari.HikariDataSource       : HikariPool-1 - Start completed.
2023-07-09T23:02:24.966+02:00  INFO 3908 --- [           main] o.hibernate.jpa.internal.util.LogHelper  : HHH000204: Processing PersistenceUnitInfo [name: default]
2023-07-09T23:02:25.193+02:00  INFO 3908 --- [           main] org.hibernate.Version                    : HHH000412: Hibernate ORM core version 6.2.5.Final
2023-07-09T23:02:25.200+02:00  INFO 3908 --- [           main] org.hibernate.cfg.Environment            : HHH000406: Using bytecode reflection optimizer
2023-07-09T23:02:25.584+02:00  INFO 3908 --- [           main] o.h.b.i.BytecodeProviderInitiator        : HHH000021: Bytecode provider name : bytebuddy
2023-07-09T23:02:25.830+02:00  INFO 3908 --- [           main] o.s.o.j.p.SpringPersistenceUnitInfo      : No LoadTimeWeaver setup: ignoring JPA class transformer
2023-07-09T23:02:26.284+02:00  INFO 3908 --- [           main] o.h.b.i.BytecodeProviderInitiator        : HHH000021: Bytecode provider name : bytebuddy
2023-07-09T23:02:27.287+02:00  INFO 3908 --- [           main] o.h.e.t.j.p.i.JtaPlatformInitiator       : HHH000490: Using JtaPlatform implementation: [org.hibernate.engine.transaction.jta.platform.internal.NoJtaPlatform]
2023-07-09T23:02:27.723+02:00  INFO 3908 --- [           main] j.LocalContainerEntityManagerFactoryBean : Initialized JPA EntityManagerFactory for persistence unit 'default'
2023-07-09T23:02:28.687+02:00  WARN 3908 --- [           main] JpaBaseConfiguration$JpaWebConfiguration : spring.jpa.open-in-view is enabled by default. Therefore, database queries may be performed during view rendering. Explicitly configure spring.jpa.open-in-view to disable this warning
2023-07-09T23:02:30.323+02:00  INFO 3908 --- [           main] DiscoveryClientOptionalArgsConfiguration : Eureka HTTP Client uses RestTemplate.
2023-07-09T23:02:30.422+02:00  WARN 3908 --- [           main] iguration$LoadBalancerCaffeineWarnLogger : Spring Cloud LoadBalancer is currently working with the default cache. While this cache implementation is useful for development and tests, it's recommended to use Caffeine cache in production.You can switch to using Caffeine cache, by adding it and org.springframework.cache.caffeine.CaffeineCacheManager to the classpath.
2023-07-09T23:02:30.441+02:00  INFO 3908 --- [           main] o.s.b.a.e.web.EndpointLinksResolver      : Exposing 1 endpoint(s) beneath base path '/actuator'
2023-07-09T23:02:30.569+02:00  INFO 3908 --- [           main] o.s.c.n.eureka.InstanceInfoFactory       : Setting initial instance status as: STARTING
2023-07-09T23:02:30.847+02:00  INFO 3908 --- [           main] com.netflix.discovery.DiscoveryClient    : Initializing Eureka in region us-east-1
2023-07-09T23:02:30.857+02:00  INFO 3908 --- [           main] c.n.d.s.r.aws.ConfigClusterResolver      : Resolving eureka endpoints via configuration
2023-07-09T23:02:30.912+02:00  INFO 3908 --- [           main] com.netflix.discovery.DiscoveryClient    : Disable delta property : false
2023-07-09T23:02:30.913+02:00  INFO 3908 --- [           main] com.netflix.discovery.DiscoveryClient    : Single vip registry refresh property : null
2023-07-09T23:02:30.913+02:00  INFO 3908 --- [           main] com.netflix.discovery.DiscoveryClient    : Force full registry fetch : false
2023-07-09T23:02:30.913+02:00  INFO 3908 --- [           main] com.netflix.discovery.DiscoveryClient    : Application is null : false
2023-07-09T23:02:30.913+02:00  INFO 3908 --- [           main] com.netflix.discovery.DiscoveryClient    : Registered Applications size is zero : true
2023-07-09T23:02:30.913+02:00  INFO 3908 --- [           main] com.netflix.discovery.DiscoveryClient    : Application version is -1: true
2023-07-09T23:02:30.914+02:00  INFO 3908 --- [           main] com.netflix.discovery.DiscoveryClient    : Getting all instance registry info from the eureka server
2023-07-09T23:02:31.583+02:00  INFO 3908 --- [           main] com.netflix.discovery.DiscoveryClient    : The response status is 200
2023-07-09T23:02:31.590+02:00  INFO 3908 --- [           main] com.netflix.discovery.DiscoveryClient    : Starting heartbeat executor: renew interval is: 30
2023-07-09T23:02:31.594+02:00  INFO 3908 --- [           main] c.n.discovery.InstanceInfoReplicator     : InstanceInfoReplicator onDemand update allowed rate per min is 4
2023-07-09T23:02:31.622+02:00  INFO 3908 --- [           main] com.netflix.discovery.DiscoveryClient    : Discovery Client initialized at timestamp 1688936551618 with initial instances count: 4
2023-07-09T23:02:31.626+02:00  INFO 3908 --- [           main] o.s.c.n.e.s.EurekaServiceRegistry        : Registering application INVENTORY-SERVICE with eureka with status UP
2023-07-09T23:02:31.627+02:00  INFO 3908 --- [           main] com.netflix.discovery.DiscoveryClient    : Saw local status change event StatusChangeEvent [timestamp=1688936551627, current=UP, previous=STARTING]
2023-07-09T23:02:31.632+02:00  INFO 3908 --- [nfoReplicator-0] com.netflix.discovery.DiscoveryClient    : DiscoveryClient_INVENTORY-SERVICE/host.docker.internal:inventory-service:8082: registering service...
2023-07-09T23:02:31.657+02:00  INFO 3908 --- [           main] c.e.i.InventoryServiceApplicationTests   : Started InventoryServiceApplicationTests in 17.628 seconds (process running for 19.314)
2023-07-09T23:02:31.843+02:00  INFO 3908 --- [nfoReplicator-0] com.netflix.discovery.DiscoveryClient    : DiscoveryClient_INVENTORY-SERVICE/host.docker.internal:inventory-service:8082 - registration status: 204
]]></system-out>
  </testcase>
</testsuite>